#
# There is insufficient memory for the Java Runtime Environment to continue.
# Native memory allocation (mmap) failed to map 123731968 bytes for Failed to commit area from 0x000000008a200000 to 0x0000000091800000 of length 123731968.
# Possible reasons:
#   The system is out of physical RAM or swap space
#   The process is running with CompressedOops enabled, and the Java Heap may be blocking the growth of the native heap
# Possible solutions:
#   Reduce memory load on the system
#   Increase physical memory or swap space
#   Check if swap backing store is full
#   Decrease Java heap size (-Xmx/-Xms)
#   Decrease number of Java threads
#   Decrease Java thread stack sizes (-Xss)
#   Set larger code cache with -XX:ReservedCodeCacheSize=
# This output file may be truncated or incomplete.
#
#  Out of Memory Error (./src/hotspot/os/windows/os_windows.cpp:3303), pid=14372, tid=45444
#
# JRE version:  (11.0.8+10) (build )
# Java VM: OpenJDK 64-Bit Server VM (11.0.8+10-b944.34, mixed mode, sharing, tiered, compressed oops, g1 gc, windows-amd64)
# No core dump will be written. Minidumps are not enabled by default on client versions of Windows
#

---------------  S U M M A R Y ------------

Command Line: org.jetbrains.git4idea.http.GitAskPassApp Username for 'https://github.com': 

Host: AMD Ryzen 7 4700U with Radeon Graphics         , 8 cores, 7G,  Windows 10 , 64 bit Build 18362 (10.0.18362.1110)
Time: Fri Nov 27 16:05:15 2020 Pacific Standard Time elapsed time: 0 seconds (0d 0h 0m 0s)

---------------  T H R E A D  ---------------

Current thread (0x0000025071310000):  JavaThread "Unknown thread" [_thread_in_vm, id=45444, stack(0x000000a6bd100000,0x000000a6bd200000)]

Stack: [0x000000a6bd100000,0x000000a6bd200000]
Native frames: (J=compiled Java code, j=interpreted, Vv=VM code, C=native code)
V  [jvm.dll+0x5de35a]
V  [jvm.dll+0x712355]
V  [jvm.dll+0x7138ad]
V  [jvm.dll+0x713f63]
V  [jvm.dll+0x23e628]
V  [jvm.dll+0x5db804]
V  [jvm.dll+0x5d0925]
V  [jvm.dll+0x2faf9b]
V  [jvm.dll+0x2faf0a]
V  [jvm.dll+0x2fade2]
V  [jvm.dll+0x2ffcb6]
V  [jvm.dll+0x3483a3]
V  [jvm.dll+0x348aa6]
V  [jvm.dll+0x3484a3]
V  [jvm.dll+0x2d5be8]
V  [jvm.dll+0x2d6d87]
V  [jvm.dll+0x6f10e7]
V  [jvm.dll+0x6f28dc]
V  [jvm.dll+0x3558f9]
V  [jvm.dll+0x6d492e]
V  [jvm.dll+0x3bdad3]
V  [jvm.dll+0x3bfd01]
C  [jli.dll+0x5373]
C  [ucrtbase.dll+0x210b2]
C  [KERNEL32.DLL+0x17c24]
C  [ntdll.dll+0x6d4d1]


---------------  P R O C E S S  ---------------

Threads class SMR info:
_java_thread_list=0x000002506f1a8330, length=0, elements={
}

Java Threads: ( => current thread )

Other Threads:
  0x0000025071328800 GCTaskThread "GC Thread#0" [stack: 0x000000a6bd200000,0x000000a6bd300000] [id=14392]
  0x0000025071358000 ConcurrentGCThread "G1 Main Marker" [stack: 0x000000a6bd300000,0x000000a6bd400000] [id=23184]
  0x0000025071359800 ConcurrentGCThread "G1 Conc#0" [stack: 0x000000a6bd400000,0x000000a6bd500000] [id=40856]

[error occurred during error reporting (printing all threads), id 0xc0000005, EXCEPTION_ACCESS_VIOLATION (0xc0000005) at pc=0x00007ffab56760c7]

VM state:not at safepoint (not fully initialized)

VM Mutex/Monitor currently owned by a thread:  ([mutex/lock_event])
[0x000002507130bfb0] Heap_lock - owner thread: 0x0000025071310000

Heap address: 0x000000008a200000, size: 1886 MB, Compressed Oops mode: Non-zero based: 0x000000008a200000
Narrow klass base: 0x0000000000000000, Narrow klass shift: 0

GC Heap History (0 events):
No events

Deoptimization events (0 events):
No events

Classes redefined (0 events):
No events

Internal exceptions (0 events):
No events

Events (1 events):
Event: 0.006 Loaded shared library C:\Program Files\JetBrains\PyCharm 2020.2.3\jbr\bin\zip.dll


Dynamic libraries:
0x00007ff6de540000 - 0x00007ff6de54a000 	C:\Program Files\JetBrains\PyCharm 2020.2.3\jbr\bin\java.exe
0x00007ffb0dba0000 - 0x00007ffb0dd90000 	C:\windows\SYSTEM32\ntdll.dll
0x00007ffb0daa0000 - 0x00007ffb0db52000 	C:\windows\System32\KERNEL32.DLL
0x00007ffb0ab20000 - 0x00007ffb0adc5000 	C:\windows\System32\KERNELBASE.dll
0x00007ffb0b8b0000 - 0x00007ffb0b9aa000 	C:\windows\System32\ucrtbase.dll
0x00007ffb058c0000 - 0x00007ffb058d9000 	C:\Program Files\JetBrains\PyCharm 2020.2.3\jbr\bin\jli.dll
0x00007ffb034c0000 - 0x00007ffb034d7000 	C:\Program Files\JetBrains\PyCharm 2020.2.3\jbr\bin\VCRUNTIME140.dll
0x00007ffb0cb90000 - 0x00007ffb0cd24000 	C:\windows\System32\USER32.dll
0x00007ffb0b770000 - 0x00007ffb0b791000 	C:\windows\System32\win32u.dll
0x00007ffb0da70000 - 0x00007ffb0da96000 	C:\windows\System32\GDI32.dll
0x00007ffaf2c70000 - 0x00007ffaf2ef4000 	C:\windows\WinSxS\amd64_microsoft.windows.common-controls_6595b64144ccf1df_6.0.18362.1198_none_9e820b57e45ad92f\COMCTL32.dll
0x00007ffb0add0000 - 0x00007ffb0af66000 	C:\windows\System32\gdi32full.dll
0x00007ffb0c9f0000 - 0x00007ffb0ca8e000 	C:\windows\System32\msvcrt.dll
0x00007ffb0b9e0000 - 0x00007ffb0ba7e000 	C:\windows\System32\msvcp_win.dll
0x00007ffb0bdd0000 - 0x00007ffb0c105000 	C:\windows\System32\combase.dll
0x00007ffb0cd40000 - 0x00007ffb0ce60000 	C:\windows\System32\RPCRT4.dll
0x00007ffb0bbd0000 - 0x00007ffb0bc50000 	C:\windows\System32\bcryptPrimitives.dll
0x00007ffb0ce60000 - 0x00007ffb0ce8e000 	C:\windows\System32\IMM32.DLL
0x00007ffadbca0000 - 0x00007ffadbd3d000 	C:\Program Files\JetBrains\PyCharm 2020.2.3\jbr\bin\msvcp140.dll
0x00007ffab5390000 - 0x00007ffab5e4d000 	C:\Program Files\JetBrains\PyCharm 2020.2.3\jbr\bin\server\jvm.dll
0x00007ffb0c8c0000 - 0x00007ffb0c963000 	C:\windows\System32\ADVAPI32.dll
0x00007ffb0d060000 - 0x00007ffb0d0f7000 	C:\windows\System32\sechost.dll
0x00007ffb0d370000 - 0x00007ffb0d378000 	C:\windows\System32\PSAPI.DLL
0x00007ffb088d0000 - 0x00007ffb088d9000 	C:\windows\SYSTEM32\WSOCK32.dll
0x00007ffb071a0000 - 0x00007ffb071c4000 	C:\windows\SYSTEM32\WINMM.dll
0x00007ffb01910000 - 0x00007ffb0191a000 	C:\windows\SYSTEM32\VERSION.dll
0x00007ffb0ce90000 - 0x00007ffb0ceff000 	C:\windows\System32\WS2_32.dll
0x00007ffb07170000 - 0x00007ffb0719d000 	C:\windows\SYSTEM32\winmmbase.dll
0x00007ffb0b700000 - 0x00007ffb0b74a000 	C:\windows\System32\cfgmgr32.dll
0x00007ffb0ab00000 - 0x00007ffb0ab11000 	C:\windows\System32\kernel.appcore.dll
0x00007ffb08840000 - 0x00007ffb08851000 	C:\Program Files\JetBrains\PyCharm 2020.2.3\jbr\bin\verify.dll
0x00007ffb092f0000 - 0x00007ffb094e4000 	C:\windows\SYSTEM32\DBGHELP.DLL
0x00007ffaf2c40000 - 0x00007ffaf2c6a000 	C:\windows\SYSTEM32\dbgcore.DLL
0x00007ffb08810000 - 0x00007ffb08839000 	C:\Program Files\JetBrains\PyCharm 2020.2.3\jbr\bin\java.dll
0x00007ffb071f0000 - 0x00007ffb071fb000 	C:\Program Files\JetBrains\PyCharm 2020.2.3\jbr\bin\jimage.dll
0x00007ffb06ee0000 - 0x00007ffb06ef8000 	C:\Program Files\JetBrains\PyCharm 2020.2.3\jbr\bin\zip.dll

dbghelp: loaded successfully - version: 4.0.5 - missing functions: none
symbol engine: initialized successfully - sym options: 0x614 - pdb path: .;C:\Program Files\JetBrains\PyCharm 2020.2.3\jbr\bin;C:\windows\SYSTEM32;C:\windows\WinSxS\amd64_microsoft.windows.common-controls_6595b64144ccf1df_6.0.18362.1198_none_9e820b57e45ad92f;C:\Program Files\JetBrains\PyCharm 2020.2.3\jbr\bin\server

VM Arguments:
java_command: org.jetbrains.git4idea.http.GitAskPassApp Username for 'https://github.com': 
java_class_path (initial): C:/Program Files/JetBrains/PyCharm 2020.2.3/plugins/git4idea/lib/git4idea-rt.jar;C:/Program Files/JetBrains/PyCharm 2020.2.3/lib/xmlrpc-2.0.1.jar;C:/Program Files/JetBrains/PyCharm 2020.2.3/lib/commons-codec-1.14.jar
Launcher Type: SUN_STANDARD

[Global flags]
     intx CICompilerCount                          = 4                                         {product} {ergonomic}
     uint ConcGCThreads                            = 2                                         {product} {ergonomic}
     uint G1ConcRefinementThreads                  = 8                                         {product} {ergonomic}
   size_t G1HeapRegionSize                         = 1048576                                   {product} {ergonomic}
    uintx GCDrainStackTargetSize                   = 64                                        {product} {ergonomic}
   size_t InitialHeapSize                          = 123731968                                 {product} {ergonomic}
   size_t MarkStackSize                            = 4194304                                   {product} {ergonomic}
   size_t MaxHeapSize                              = 1977614336                                {product} {ergonomic}
   size_t MinHeapDeltaBytes                        = 1048576                                   {product} {ergonomic}
    uintx NonNMethodCodeHeapSize                   = 5836300                                {pd product} {ergonomic}
    uintx NonProfiledCodeHeapSize                  = 122910970                              {pd product} {ergonomic}
    uintx ProfiledCodeHeapSize                     = 122910970                              {pd product} {ergonomic}
    uintx ReservedCodeCacheSize                    = 251658240                              {pd product} {ergonomic}
     bool SegmentedCodeCache                       = true                                      {product} {ergonomic}
     bool UseCompressedClassPointers               = true                                 {lp64_product} {ergonomic}
     bool UseCompressedOops                        = true                                 {lp64_product} {ergonomic}
     bool UseG1GC                                  = true                                      {product} {ergonomic}
     bool UseLargePagesIndividualAllocation        = false                                  {pd product} {ergonomic}

Logging:
Log output configuration:
 #0: stdout all=warning uptime,level,tags
 #1: stderr all=off uptime,level,tags

Environment Variables:
PATH=C:\Program Files\Git\mingw64\libexec\git-core;C:\Program Files\Git\mingw64\libexec\git-core;C:\Program Files\Git\mingw64\bin;C:\Program Files\Git\usr\bin;C:\Users\Judah\bin;C:\windows\system32;C:\windows;C:\windows\System32\Wbem;C:\windows\System32\WindowsPowerShell\v1.0;C:\windows\System32\OpenSSH;C:\Program Files\Git\cmd;C:\Users\Judah\AppData\Roaming\nvm;C:\Program Files\nodejs;C:\Users\Judah\AppData\Local\Programs\Python\Python39\Scripts;C:\Users\Judah\AppData\Local\Programs\Python\Python39;C:\Users\Judah\AppData\Local\Microsoft\WindowsApps;C:\Users\Judah\AppData\Local\Programs\MiKTeX\miktex\bin\x64;C:\Program Files\JetBrains\PyCharm 2020.2.3\bin;C:\Users\Judah\AppData\Roaming\nvm;C:\Program Files\nodejs
USERNAME=Judah
DISPLAY=:0.0
LC_ALL=en_US.UTF-8
OS=Windows_NT
PROCESSOR_IDENTIFIER=AMD64 Family 23 Model 96 Stepping 1, AuthenticAMD



---------------  S Y S T E M  ---------------

OS: Windows 10 , 64 bit Build 18362 (10.0.18362.1110)
OS uptime: 2 days 16:06 hours

CPU:total 8 (initial active 8) (8 cores per cpu, 1 threads per core) family 23 model 96 stepping 1, cmov, cx8, fxsr, mmx, sse, sse2, sse3, ssse3, sse4.1, sse4.2, popcnt, avx, avx2, aes, clmul, mmxext, 3dnowpref, lzcnt, sse4a, tsc, tscinvbit, tscinv, bmi1, bmi2, adx, sha, fma

Memory: 4k page, system-wide physical 7541M (362M free)
TotalPageFile size 22708M (AvailPageFile size 72M)
current process WorkingSet (physical memory assigned to process): 10M, peak: 10M
current process commit charge ("private bytes"): 60M, peak: 178M

vm_info: OpenJDK 64-Bit Server VM (11.0.8+10-b944.34) for windows-amd64 JRE (11.0.8+10-b944.34), built on Sep 11 2020 15:32:11 by "" with MS VC++ 14.0 (VS2015)

END.
